Library/Bee/Android/Prj/IL2CPP/Gradle/launcher/build/intermediates/manifest_merge_blame_file/release/manifest-merger-blame-release-report.txt
1<?xml version="1.0" encoding="utf-8"?>
2<manifest xmlns:android="http://schemas.android.com/apk/res/android"
3    package="com.Picha"
4    android:installLocation="preferExternal"
5    android:versionCode="1"
6    android:versionName="1.0" >
7
8    <uses-sdk
9        android:minSdkVersion="22"
9-->src\main\AndroidManifest.xml
10        android:targetSdkVersion="33" />
10-->src\main\AndroidManifest.xml
11
12    <supports-screens
12-->src\main\AndroidManifest.xml:4:3-163
13        android:anyDensity="true"
13-->src\main\AndroidManifest.xml:4:135-160
14        android:largeScreens="true"
14-->src\main\AndroidManifest.xml:4:78-105
15        android:normalScreens="true"
15-->src\main\AndroidManifest.xml:4:49-77
16        android:smallScreens="true"
16-->src\main\AndroidManifest.xml:4:21-48
17        android:xlargeScreens="true" />
17-->src\main\AndroidManifest.xml:4:106-134
18
19    <uses-feature android:glEsVersion="0x00030000" />
19-->[:unityLibrary] AndroidManifest.xml:10:5-54
19-->[:unityLibrary] AndroidManifest.xml:10:19-51
20    <uses-feature
20-->[:unityLibrary] AndroidManifest.xml:11:5-13:36
21        android:name="android.hardware.vulkan.version"
21-->[:unityLibrary] AndroidManifest.xml:12:9-55
22        android:required="false" />
22-->[:unityLibrary] AndroidManifest.xml:13:9-33
23    <uses-feature
23-->[:unityLibrary] AndroidManifest.xml:14:5-16:36
24        android:name="android.hardware.touchscreen"
24-->[:unityLibrary] AndroidManifest.xml:15:9-52
25        android:required="false" />
25-->[:unityLibrary] AndroidManifest.xml:16:9-33
26    <uses-feature
26-->[:unityLibrary] AndroidManifest.xml:17:5-19:36
27        android:name="android.hardware.touchscreen.multitouch"
27-->[:unityLibrary] AndroidManifest.xml:18:9-63
28        android:required="false" />
28-->[:unityLibrary] AndroidManifest.xml:19:9-33
29    <uses-feature
29-->[:unityLibrary] AndroidManifest.xml:20:5-22:36
30        android:name="android.hardware.touchscreen.multitouch.distinct"
30-->[:unityLibrary] AndroidManifest.xml:21:9-72
31        android:required="false" />
31-->[:unityLibrary] AndroidManifest.xml:22:9-33
32
33    <application
33-->src\main\AndroidManifest.xml:3:3-121
34        android:banner="@drawable/app_banner"
34-->src\main\AndroidManifest.xml:3:16-53
35        android:extractNativeLibs="true"
35-->[:unityLibrary] AndroidManifest.xml:25:9-41
36        android:icon="@mipmap/app_icon"
36-->src\main\AndroidManifest.xml:3:54-85
37        android:isGame="true"
37-->[:unityLibrary] AndroidManifest.xml:26:9-30
38        android:label="@string/app_name" >
38-->src\main\AndroidManifest.xml:3:86-118
39        <meta-data
39-->[:unityLibrary] AndroidManifest.xml:27:9-29:33
40            android:name="unity.splash-mode"
40-->[:unityLibrary] AndroidManifest.xml:28:13-45
41            android:value="0" />
41-->[:unityLibrary] AndroidManifest.xml:29:13-30
42        <meta-data
42-->[:unityLibrary] AndroidManifest.xml:30:9-32:36
43            android:name="unity.splash-enable"
43-->[:unityLibrary] AndroidManifest.xml:31:13-47
44            android:value="True" />
44-->[:unityLibrary] AndroidManifest.xml:32:13-33
45        <meta-data
45-->[:unityLibrary] AndroidManifest.xml:33:9-35:36
46            android:name="unity.launch-fullscreen"
46-->[:unityLibrary] AndroidManifest.xml:34:13-51
47            android:value="True" />
47-->[:unityLibrary] AndroidManifest.xml:35:13-33
48        <meta-data
48-->[:unityLibrary] AndroidManifest.xml:36:9-38:37
49            android:name="unity.allow-resizable-window"
49-->[:unityLibrary] AndroidManifest.xml:37:13-56
50            android:value="False" />
50-->[:unityLibrary] AndroidManifest.xml:38:13-34
51        <meta-data
51-->[:unityLibrary] AndroidManifest.xml:39:9-41:50
52            android:name="notch.config"
52-->[:unityLibrary] AndroidManifest.xml:40:13-40
53            android:value="portrait|landscape" />
53-->[:unityLibrary] AndroidManifest.xml:41:13-47
54        <meta-data
54-->[:unityLibrary] AndroidManifest.xml:42:9-44:36
55            android:name="unity.auto-report-fully-drawn"
55-->[:unityLibrary] AndroidManifest.xml:43:13-57
56            android:value="true" />
56-->[:unityLibrary] AndroidManifest.xml:44:13-33
57        <meta-data
57-->[:unityLibrary] AndroidManifest.xml:45:9-47:36
58            android:name="unity.strip-engine-code"
58-->[:unityLibrary] AndroidManifest.xml:46:13-51
59            android:value="true" />
59-->[:unityLibrary] AndroidManifest.xml:47:13-33
60
61        <activity
61-->[:unityLibrary] AndroidManifest.xml:49:9-72:20
62            android:name="com.unity3d.player.UnityPlayerActivity"
62-->[:unityLibrary] AndroidManifest.xml:50:13-66
63            android:configChanges="mcc|mnc|locale|touchscreen|keyboard|keyboardHidden|navigation|orientation|screenLayout|uiMode|screenSize|smallestScreenSize|fontScale|layoutDirection|density"
63-->[:unityLibrary] AndroidManifest.xml:51:13-194
64            android:enabled="true"
64-->[:unityLibrary] AndroidManifest.xml:52:13-35
65            android:exported="true"
65-->[:unityLibrary] AndroidManifest.xml:53:13-36
66            android:hardwareAccelerated="false"
66-->[:unityLibrary] AndroidManifest.xml:54:13-48
67            android:launchMode="singleTask"
67-->[:unityLibrary] AndroidManifest.xml:55:13-44
68            android:resizeableActivity="false"
68-->[:unityLibrary] AndroidManifest.xml:56:13-47
69            android:screenOrientation="landscape"
69-->[:unityLibrary] AndroidManifest.xml:57:13-50
70            android:theme="@style/UnityThemeSelector" >
70-->[:unityLibrary] AndroidManifest.xml:58:13-54
71            <intent-filter>
71-->[:unityLibrary] AndroidManifest.xml:59:13-64:29
72                <category android:name="android.intent.category.LAUNCHER" />
72-->[:unityLibrary] AndroidManifest.xml:60:17-77
72-->[:unityLibrary] AndroidManifest.xml:60:27-74
73                <category android:name="android.intent.category.LEANBACK_LAUNCHER" />
73-->[:unityLibrary] AndroidManifest.xml:61:17-86
73-->[:unityLibrary] AndroidManifest.xml:61:27-83
74
75                <action android:name="android.intent.action.MAIN" />
75-->[:unityLibrary] AndroidManifest.xml:63:17-69
75-->[:unityLibrary] AndroidManifest.xml:63:25-66
76            </intent-filter>
77
78            <meta-data
78-->[:unityLibrary] AndroidManifest.xml:66:13-68:40
79                android:name="unityplayer.UnityActivity"
79-->[:unityLibrary] AndroidManifest.xml:67:17-57
80                android:value="true" />
80-->[:unityLibrary] AndroidManifest.xml:68:17-37
81            <meta-data
81-->[:unityLibrary] AndroidManifest.xml:69:13-71:40
82                android:name="notch_support"
82-->[:unityLibrary] AndroidManifest.xml:70:17-45
83                android:value="true" />
83-->[:unityLibrary] AndroidManifest.xml:71:17-37
84        </activity>
85    </application>
86
87</manifest>